<?xml version="1.0" encoding="UTF-8"?>
<testsuite xmlns:xsi="http://www.w3.org/2001/XMLSchema-instance" xsi:noNamespaceSchemaLocation="https://maven.apache.org/surefire/maven-surefire-plugin/xsd/surefire-test-report-3.0.xsd" version="3.0" name="br.com.omarcoteixeira.data.model.metrics.MetricsEnumTest" time="0.185" tests="3" errors="0" skipped="0" failures="0">
  <properties>
[...]
</properties>
  <testcase name="MetricsEnum Should have all values(Object,Object,Object,Object)" classname="br.com.omarcoteixeira.data.model.metrics.MetricsEnumTest" time="0.008"/>
  <testcase name="MetricsEnum Should have all values(Object,Object,Object,Object)" classname="br.com.omarcoteixeira.data.model.metrics.MetricsEnumTest" time="0.001"/>
  <testcase name="MetricsEnum Should have all values(Object,Object,Object,Object)" classname="br.com.omarcoteixeira.data.model.metrics.MetricsEnumTest" time="0.183"/>
</testsuite>